[INFO ] 2023-08-13 09:13:14.596 [main] LoggerUtil - urlTest running
[INFO ] 2023-08-13 09:13:14.733 [main] LoggerUtil - Assertion of page
[INFO ] 2023-08-13 09:13:17.827 [main] LoggerUtil - Test Steps:
[INFO] urlTest running
[INFO] Assertion of page

[INFO ] 2023-08-13 09:14:48.801 [main] LoggerUtil - urlTest running
[INFO ] 2023-08-13 09:14:48.940 [main] LoggerUtil - Assertion of page
[INFO ] 2023-08-13 09:14:51.901 [main] LoggerUtil - Test Steps:
[INFO] urlTest running
[INFO] Assertion of page

[INFO ] 2023-08-13 09:17:52.005 [main] LoggerUtil - urlTest running
[INFO ] 2023-08-13 09:17:52.120 [main] LoggerUtil - Assertion of page
[INFO ] 2023-08-13 09:17:55.212 [main] LoggerUtil - Test Steps:
[INFO] urlTest running
[INFO] Assertion of page

[INFO ] 2023-08-13 09:42:16.366 [main] LoggerUtil - urlTest running
[INFO ] 2023-08-13 09:42:16.473 [main] LoggerUtil - Assertion of page
[INFO ] 2023-08-13 09:42:24.482 [main] LoggerUtil - Test Steps:
[INFO] urlTest running
[INFO] Assertion of page

[INFO ] 2023-08-13 09:56:56.415 [main] LoggerUtil - urlTest running
[INFO ] 2023-08-13 09:56:56.516 [main] LoggerUtil - Assertion of page
[INFO ] 2023-08-13 09:57:00.123 [main] LoggerUtil - Test Steps:
[INFO] urlTest running
[INFO] Assertion of page

